INSERT 0 1
INSERT 0 1
INSERT 0 1
 team_account_add 
------------------
 t

          test           
-------------------------
  ***** test_crypt *****

   login   | psw  | is_psw_plain 
-----------+------+--------------
 TEST_USER | 1234 | t

 account_password_change 
-------------------------
 t

   login   | is_psw_plain 
-----------+--------------
 TEST_USER | f

 account_id | role_id | team_id | sid |      ip       | is_ip_checked | status_id |  account_name   | role_name | team_name 
------------+---------+---------+-----+---------------+---------------+-----------+-----------------+-----------+-----------
         -1 |      -1 |      -1 | 1;  | 4.12.345.6789 | t             |         1 | test_crypt_user | Tests     | ACC-Test

 logout 
--------
      1

 account_password_change 
-------------------------
 t

   login   | is_psw_plain 
-----------+--------------
 TEST_USER | f

 account_id | role_id | team_id | sid |      ip       | is_ip_checked | status_id |  account_name   | role_name | team_name 
------------+---------+---------+-----+---------------+---------------+-----------+-----------------+-----------+-----------
         -1 |      -1 |      -1 | 2;  | 4.12.345.6789 | t             |         1 | test_crypt_user | Tests     | ACC-Test

 logout 
--------
      1

UPDATE 1
   login   | psw  | is_psw_plain 
-----------+------+--------------
 TEST_USER | 1234 | t

 account_password_change_own 
-----------------------------
 t

   login   | is_psw_plain 
-----------+--------------
 TEST_USER | f

 account_id | role_id | team_id | sid |      ip       | is_ip_checked | status_id |  account_name   | role_name | team_name 
------------+---------+---------+-----+---------------+---------------+-----------+-----------------+-----------+-----------
         -1 |      -1 |      -1 | 3;  | 4.12.345.6789 | t             |         1 | test_crypt_user | Tests     | ACC-Test

 logout 
--------
      1

 account_password_change_own 
-----------------------------
 t

   login   | is_psw_plain 
-----------+--------------
 TEST_USER | f

 account_id | role_id | team_id | sid |      ip       | is_ip_checked | status_id |  account_name   | role_name | team_name 
------------+---------+---------+-----+---------------+---------------+-----------+-----------------+-----------+-----------
         -1 |      -1 |      -1 | 4;  | 4.12.345.6789 | t             |         1 | test_crypt_user | Tests     | ACC-Test

 logout 
--------
      1

