DO
INSERT 0 1
INSERT 0 1
INSERT 0 1
INSERT 0 1
              test              
--------------------------------
  ***** user_login_spec_0 *****

 role_id | kind_id | spec_id | is_on | prio 
---------+---------+---------+-------+------
      -1 |       1 |       0 | t     |    1

 account_name 
--------------
 Admin

 job_count 
-----------
         1

 notification_count_new 
------------------------
                      1

 count 
-------
     1

              test              
--------------------------------
  ***** user_login_spec_1 *****

 role_id | kind_id | spec_id | is_on | prio 
---------+---------+---------+-------+------
      -1 |       1 |       1 | t     |    1

INSERT 0 1
INSERT 0 1
 account_name 
--------------
 pro_admin

 job_count 
-----------
         0

 notification_count_new 
------------------------
                      1

 count 
-------
     1

              test               
---------------------------------
  ***** ev.role_signup_del *****

 role_id | kind_id | spec_id | is_on | prio 
---------+---------+---------+-------+------
      -1 |       1 |       1 | t     |    1

 role_id | kind_id | spec_id | is_on | prio 
---------+---------+---------+-------+------
      -1 |       1 |       0 | t     |    1

