         test          
-----------------------
  ***** dt_check *****

***************** Type:  text

 code | parent_code | base_code | allow_null | def_val | anno  | is_list | is_complex | is_sql | dt_parent_base_code | dt_is_complex 
------+-------------+-----------+------------+---------+-------+---------+------------+--------+---------------------+---------------
 text | text        | text      | t          |         | Текст | f       | f          | f      | text                | f

                  dt_facet
 code | facet_id | value | base_code | anno 
------+----------+-------+-----------+------

                                          dt_part
 dt_code | part_id | code | parent_code | base_code | allow_null | def_val | anno | is_list 
---------+---------+------+-------------+-----------+------------+---------+------+---------

 dt_parts 
----------
 

***************** Type:  numeric

  code   | parent_code | base_code | allow_null | def_val | anno  | is_list | is_complex | is_sql | dt_parent_base_code | dt_is_complex 
---------+-------------+-----------+------------+---------+-------+---------+------------+--------+---------------------+---------------
 numeric | numeric     | numeric   | t          |         | Число | f       | f          | f      | numeric             | f

                                           dt_facet
  code   | facet_id |          value          | base_code |               anno                
---------+----------+-------------------------+-----------+-----------------------------------
 numeric |        4 | ^(\+|\-)?(\d)*(\.\d+)?$ | numeric   | [знак]целая часть[.дробная часть]

                                          dt_part
 dt_code | part_id | code | parent_code | base_code | allow_null | def_val | anno | is_list 
---------+---------+------+-------------+-----------+------------+---------+------+---------

 dt_parts 
----------
 

***************** Type:  integer

  code   | parent_code | base_code | allow_null | def_val | anno  | is_list | is_complex | is_sql | dt_parent_base_code | dt_is_complex 
---------+-------------+-----------+------------+---------+-------+---------+------------+--------+---------------------+---------------
 integer | integer     | integer   | t          |         | Целое | f       | f          | f      | integer             | f

                           dt_facet
  code   | facet_id |     value     | base_code |    anno     
---------+----------+---------------+-----------+-------------
 integer |        4 | ^(\+|\-)?\d+$ | integer   | [знак]цифры
 integer |        7 | 2147483647    | integer   | 
 integer |       10 | -2147483648   | integer   | 

                                          dt_part
 dt_code | part_id | code | parent_code | base_code | allow_null | def_val | anno | is_list 
---------+---------+------+-------------+-----------+------------+---------+------+---------

 dt_parts 
----------
 

***************** Type:  json

 code | parent_code | base_code | allow_null | def_val |         anno          | is_list | is_complex | is_sql | dt_parent_base_code | dt_is_complex 
------+-------------+-----------+------------+---------+-----------------------+---------+------------+--------+---------------------+---------------
 json | json        | json      | t          |         | Данные в формате JSON | f       | f          | f      | json                | f

                  dt_facet
 code | facet_id | value | base_code | anno 
------+----------+-------+-----------+------

                                          dt_part
 dt_code | part_id | code | parent_code | base_code | allow_null | def_val | anno | is_list 
---------+---------+------+-------------+-----------+------------+---------+------+---------

 dt_parts 
----------
 

***************** Type:  uuid

 code | parent_code | base_code | allow_null | def_val |             anno              | is_list | is_complex | is_sql | dt_parent_base_code | dt_is_complex 
------+-------------+-----------+------------+---------+-------------------------------+---------+------------+--------+---------------------+---------------
 uuid | uuid        | uuid      | t          |         | Universally Unique IDentifier | f       | f          | f      | uuid                | f

                  dt_facet
 code | facet_id | value | base_code | anno 
------+----------+-------+-----------+------

                                          dt_part
 dt_code | part_id | code | parent_code | base_code | allow_null | def_val | anno | is_list 
---------+---------+------+-------------+-----------+------------+---------+------+---------

 dt_parts 
----------
 

***************** Type:  ws.d_emails

    code     | parent_code | base_code | allow_null | def_val |         anno         | is_list | is_complex | is_sql | dt_parent_base_code | dt_is_complex 
-------------+-------------+-----------+------------+---------+----------------------+---------+------------+--------+---------------------+---------------
 ws.d_emails | text        | text      | t          |         | Список адресов email | t       | f          | f      | text                | f

                                       dt_facet
    code     | facet_id |              value              | base_code |     anno      
-------------+----------+---------------------------------+-----------+---------------
 ws.d_emails |        4 | (?:^$|^[^ ]+@[^ ]+\.[^ ]{2,6}$) | text      | your@email.ru

                                          dt_part
 dt_code | part_id | code | parent_code | base_code | allow_null | def_val | anno | is_list 
---------+---------+------+-------------+-----------+------------+---------+------+---------

 dt_parts 
----------
 

***************** Type:  ws.d_id32a

    code    | parent_code | base_code | allow_null | def_val |     anno      | is_list | is_complex | is_sql | dt_parent_base_code | dt_is_complex 
------------+-------------+-----------+------------+---------+---------------+---------+------------+--------+---------------------+---------------
 ws.d_id32a | ws.d_id32   | integer   | t          |         | Массив d_id32 | t       | f          | f      | integer             | f

                  dt_facet
 code | facet_id | value | base_code | anno 
------+----------+-------+-----------+------

                                          dt_part
 dt_code | part_id | code | parent_code | base_code | allow_null | def_val | anno | is_list 
---------+---------+------+-------------+-----------+------------+---------+------+---------

 dt_parts 
----------
 

***************** Type:  ws.facet

   code   | parent_code | base_code | allow_null | def_val |         anno          | is_list | is_complex | is_sql | dt_parent_base_code | dt_is_complex 
----------+-------------+-----------+------------+---------+-----------------------+---------+------------+--------+---------------------+---------------
 ws.facet |             |           | t          |         | Вид ограничений типов | f       | t          | f      |                     | t

                  dt_facet
 code | facet_id | value | base_code | anno 
------+----------+-------+-----------+------

                                                dt_part
 dt_code  | part_id | code | parent_code | base_code | allow_null | def_val |      anno       | is_list 
----------+---------+------+-------------+-----------+------------+---------+-----------------+---------
 ws.facet |       1 | id   | ws.d_id32   | integer   | f          |         | ID ограничения  | f
 ws.facet |       2 | code | ws.d_codei  | text      | f          |         | Код ограничения | f
 ws.facet |       3 | anno | text        | text      | f          |         | Аннотация       | f

                 dt_parts                 
------------------------------------------
 id ws.d_id32, code ws.d_codei, anno text

***************** Type:  ws.z_facet

    code    | parent_code | base_code | allow_null | def_val |           anno            | is_list | is_complex | is_sql | dt_parent_base_code | dt_is_complex 
------------+-------------+-----------+------------+---------+---------------------------+---------+------------+--------+---------------------+---------------
 ws.z_facet |             |           | t          |         | Aргументы метода ws.facet | f       | t          | f      |                     | t

                  dt_facet
 code | facet_id | value | base_code | anno 
------+----------+-------+-----------+------

                                            dt_part
  dt_code   | part_id | code | parent_code | base_code | allow_null | def_val | anno | is_list 
------------+---------+------+-------------+-----------+------------+---------+------+---------
 ws.z_facet |       1 | id   | ws.d_id32   | integer   | f          |         |      | f

   dt_parts   
--------------
 id ws.d_id32

***************** Type:  ws.t_hashtable

      code      | parent_code | base_code | allow_null | def_val |    anno    | is_list | is_complex | is_sql | dt_parent_base_code | dt_is_complex 
----------------+-------------+-----------+------------+---------+------------+---------+------------+--------+---------------------+---------------
 ws.t_hashtable |             |           | t          |         | Хэштаблица | f       | t          | f      |                     | t

                  dt_facet
 code | facet_id | value | base_code | anno 
------+----------+-------+-----------+------

                                                dt_part
    dt_code     | part_id | code | parent_code | base_code | allow_null | def_val |   anno   | is_list 
----------------+---------+------+-------------+-----------+------------+---------+----------+---------
 ws.t_hashtable |       1 | id   | text        | text      | t          |         | ID       | f
 ws.t_hashtable |       2 | name | text        | text      | t          |         | Название | f

      dt_parts      
--------------------
 id text, name text

***************** Type:  ws.z_cache

 code | parent_code | base_code | allow_null | def_val | anno | is_list | is_complex | is_sql | dt_parent_base_code | dt_is_complex 
------+-------------+-----------+------------+---------+------+---------+------------+--------+---------------------+---------------

                  dt_facet
 code | facet_id | value | base_code | anno 
------+----------+-------+-----------+------

                                          dt_part
 dt_code | part_id | code | parent_code | base_code | allow_null | def_val | anno | is_list 
---------+---------+------+-------------+-----------+------------+---------+------+---------

 dt_parts 
----------
 

***************** Type:  ws.dt_part

    code    | parent_code | base_code | allow_null | def_val |          anno          | is_list | is_complex | is_sql | dt_parent_base_code | dt_is_complex 
------------+-------------+-----------+------------+---------+------------------------+---------+------------+--------+---------------------+---------------
 ws.dt_part |             |           | t          |         | Поля композитного типа | f       | t          | f      |                     | t

                  dt_facet
 code | facet_id | value | base_code | anno 
------+----------+-------+-----------+------

                                                           dt_part
  dt_code   | part_id |    code     |  parent_code  | base_code | allow_null | def_val |           anno            | is_list 
------------+---------+-------------+---------------+-----------+------------+---------+---------------------------+---------
 ws.dt_part |       1 | dt_code     | ws.d_code     | text      | f          |         | Код комплексного типа     | f
 ws.dt_part |       2 | part_id     | ws.d_cnt      | integer   | f          | 0       | ID поля                   | f
 ws.dt_part |       3 | code        | ws.d_code_arg | text      | f          |         | Код поля                  | f
 ws.dt_part |       4 | parent_code | ws.d_code     | text      | f          |         | Код родительского типа    | f
 ws.dt_part |       5 | base_code   | ws.d_code     | text      | f          |         | Код базового типа         | f
 ws.dt_part |       6 | allow_null  | boolean       | boolean   | f          | true    | Разрешен NULL             | f
 ws.dt_part |       7 | def_val     | text          | text      | t          |         | Значение по умолчанию     | f
 ws.dt_part |       8 | anno        | text          | text      | f          |         | Аннотация                 | f
 ws.dt_part |       9 | is_list     | boolean       | boolean   | f          | false   | Конструктор поля - массив | f

                                                                             dt_parts                                                                              
-------------------------------------------------------------------------------------------------------------------------------------------------------------------
 dt_code ws.d_code, part_id ws.d_cnt, code ws.d_code_arg, parent_code ws.d_code, base_code ws.d_code, allow_null boolean, def_val text, anno text, is_list boolean

