       test       
------------------
  ***** ref *****

INSERT 0 1
  code   | is_dt_vary | acls | method_code | acls_upd | method_code_upd |   pkg    |        name         | anno | synced_at 
---------+------------+------+-------------+----------+-----------------+----------+---------------------+------+-----------
 ws.test | f          |      |             | {-1}     |                 | i18n_def | Тестовый справочник |      | 

 ref_op 
--------
 t

 ref_op 
--------
 t

 ref_op 
--------
 t

  code   | item_code | group_id | code_addon | sort | name  | anno 
---------+-----------+----------+------------+------+-------+------
 ws.test | code1     |        1 |            |    1 | Name1 | 
 ws.test | code2     |        1 |            |    2 | Name2 | 
 ws.test | code3     |        1 |            |    3 | Name3 | 

 ref_op 
--------
 t

 ref_op 
--------
 t

 ref_sync_complete 
-------------------
 

  code   | item_code | group_id | code_addon | sort |      name      | anno 
---------+-----------+----------+------------+------+----------------+------
 ws.test | code1     |        1 |            |    1 | Name1          | 
 ws.test | code3     |        1 |            |    3 | Name3 modified | 

         test         
----------------------
  ***** ref_log *****

  code   | item_code | lang |   op   |     updated_at      
---------+-----------+------+--------+---------------------
 ws.test | code2     | ru   | DELETE | 2010-01-01 00:00:00
 ws.test | code3     | ru   | UPDATE | 2010-01-01 00:00:00

DO
 id |     name      
----+---------------
  1 | sync_complete

DROP TABLE
