               test               
----------------------------------
  ***** dt_register_complex *****

      code      | parent_code | base_code | allow_null | def_val |    anno    | is_list | is_complex | is_sql 
----------------+-------------+-----------+------------+---------+------------+---------+------------+--------
 ws.t_hashtable |             |           | t          |         | Хэштаблица | f       | t          | f

    dt_code     | part_id | code | parent_code | base_code | allow_null | def_val |   anno   | is_list 
----------------+---------+------+-------------+-----------+------------+---------+----------+---------
 ws.t_hashtable |       1 | id   | text        | text      | t          |         | ID       | f
 ws.t_hashtable |       2 | name | text        | text      | t          |         | Название | f

      code      | parent_code | base_code | allow_null | def_val |          anno          | is_list | is_complex | is_sql 
----------------+-------------+-----------+------------+---------+------------------------+---------+------------+--------
 ws.t_acl_check |             |           | t          |         | Результат проверки ACL | f       | t          | f

    dt_code     | part_id | code  | parent_code | base_code | allow_null | def_val | anno  | is_list 
----------------+---------+-------+-------------+-----------+------------+---------+-------+---------
 ws.t_acl_check |       1 | value | integer     | integer   | t          |         | value | f
 ws.t_acl_check |       2 | id    | integer     | integer   | t          |         | id    | f
 ws.t_acl_check |       3 | code  | text        | text      | t          |         | code  | f
 ws.t_acl_check |       4 | name  | text        | text      | t          |         | name  | f

       code        | parent_code | base_code | allow_null | def_val |             anno             | is_list | is_complex | is_sql 
-------------------+-------------+-----------+------------+---------+------------------------------+---------+------------+--------
 ws.t_pg_proc_info |             |           | t          |         | Параметры хранимой процедуры | f       | t          | f

      dt_code      | part_id |   code   | parent_code | base_code | allow_null | def_val |   anno   | is_list 
-------------------+---------+----------+-------------+-----------+------------+---------+----------+---------
 ws.t_pg_proc_info |       1 | schema   | text        | text      | t          |         | schema   | f
 ws.t_pg_proc_info |       2 | name     | text        | text      | t          |         | name     | f
 ws.t_pg_proc_info |       3 | anno     | text        | text      | t          |         | anno     | f
 ws.t_pg_proc_info |       4 | rt_oid   | oid         | oid       | t          |         | rt_oid   | f
 ws.t_pg_proc_info |       5 | rt_name  | text        | text      | t          |         | rt_name  | f
 ws.t_pg_proc_info |       6 | is_set   | boolean     | boolean   | t          |         | is_set   | f
 ws.t_pg_proc_info |       7 | args     | text        | text      | t          |         | args     | f
 ws.t_pg_proc_info |       8 | args_pub | text        | text      | t          |         | args_pub | f

      code      | parent_code | base_code | allow_null | def_val |        anno        | is_list | is_complex | is_sql 
----------------+-------------+-----------+------------+---------+--------------------+---------+------------+--------
 ws.t_page_info |             |           | t          |         | Параметры страницы | f       | t          | f

    dt_code     | part_id |    code    | parent_code | base_code | allow_null | def_val |    anno    | is_list 
----------------+---------+------------+-------------+-----------+------------+---------+------------+---------
 ws.t_page_info |       1 | code       | ws.d_code   | text      | t          |         | code       | f
 ws.t_page_info |       2 | up_code    | ws.d_code   | text      | t          |         | up_code    | f
 ws.t_page_info |       3 | class_id   | ws.d_class  | integer   | t          |         | class_id   | f
 ws.t_page_info |       4 | action_id  | ws.d_id32   | integer   | t          |         | action_id  | f
 ws.t_page_info |       5 | group_id   | ws.d_id32   | integer   | t          |         | group_id   | f
 ws.t_page_info |       6 | sort       | ws.d_sort   | integer   | t          |         | sort       | f
 ws.t_page_info |       7 | uri        | ws.d_regexp | text      | t          |         | uri        | f
 ws.t_page_info |       8 | tmpl       | ws.d_path   | text      | t          |         | tmpl       | f
 ws.t_page_info |       9 | id_fixed   | ws.d_id     | integer   | t          |         | id_fixed   | f
 ws.t_page_info |      10 | id_session | ws.d_code   | text      | t          |         | id_session | f
 ws.t_page_info |      11 | is_hidden  | boolean     | boolean   | t          |         | is_hidden  | f
 ws.t_page_info |      12 | target     | text        | text      | t          |         | target     | f
 ws.t_page_info |      13 | uri_re     | text        | text      | t          |         | uri_re     | f
 ws.t_page_info |      14 | uri_fmt    | text        | text      | t          |         | uri_fmt    | f
 ws.t_page_info |      15 | pkg        | text        | text      | t          |         | pkg        | f
 ws.t_page_info |      16 | name       | text        | text      | t          |         | name       | f
 ws.t_page_info |      17 | req        | text        | text      | t          |         | req        | f
 ws.t_page_info |      18 | args       | text        | text      | t          |         | args       | t
 ws.t_page_info |      19 | group_name | text        | text      | t          |         | group_name | f

