              test               
---------------------------------
  ***** dt_register_domain *****

  code   | parent_code | base_code | allow_null | def_val |     anno      | is_list | is_complex | is_sql 
---------+-------------+-----------+------------+---------+---------------+---------+------------+--------
 ws.d_id | integer     | integer   | t          |         | Идентификатор | f       | f          | f

   code    | parent_code | base_code | allow_null | def_val |           anno            | is_list | is_complex | is_sql 
-----------+-------------+-----------+------------+---------+---------------------------+---------+------------+--------
 ws.d_id32 | integer     | integer   | t          |         | Идентификатор справочника | f       | f          | f

    code    | parent_code | base_code | allow_null | def_val |                 anno                  | is_list | is_complex | is_sql 
------------+-------------+-----------+------------+---------+---------------------------------------+---------+------------+--------
 ws.d_stamp | timestamp   | timestamp | t          |         | Момент времени с точностью до секунды | f       | f          | f

    code     | parent_code | base_code | allow_null | def_val |       anno       | is_list | is_complex | is_sql 
-------------+-------------+-----------+------------+---------+------------------+---------+------------+--------
 ws.d_rating | numeric     | numeric   | t          |         | Рейтинг компании | f       | f          | f

   code    | parent_code | base_code | allow_null | def_val |        anno        | is_list | is_complex | is_sql 
-----------+-------------+-----------+------------+---------+--------------------+---------+------------+--------
 ws.d_sort | integer     | integer   | t          |         | Порядок сортировки | f       | f          | f

    code     | parent_code | base_code | allow_null | def_val |         anno         | is_list | is_complex | is_sql 
-------------+-------------+-----------+------------+---------+----------------------+---------+------------+--------
 ws.d_regexp | text        | text      | t          |         | Регулярное выражение | f       | f          | f

         code          | parent_code | base_code | allow_null | def_val |       anno       | is_list | is_complex | is_sql 
-----------------------+-------------+-----------+------------+---------+------------------+---------+------------+--------
 ws.d_decimal_positive | numeric     | numeric   | t          |         | Вещественное > 0 | f       | f          | f

       code       | parent_code | base_code | allow_null | def_val |   anno    | is_list | is_complex | is_sql 
------------------+-------------+-----------+------------+---------+-----------+---------+------------+--------
 ws.d_id_positive | integer     | integer   | t          |         | Целое > 0 | f       | f          | f

         code         | parent_code | base_code | allow_null | def_val |       anno        | is_list | is_complex | is_sql 
----------------------+-------------+-----------+------------+---------+-------------------+---------+------------+--------
 ws.d_decimal_non_neg | numeric     | numeric   | t          |         | Вещественное >= 0 | f       | f          | f

   code   | parent_code | base_code | allow_null | def_val |         anno         | is_list | is_complex | is_sql 
----------+-------------+-----------+------------+---------+----------------------+---------+------------+--------
 ws.d_sid | text        | text      | t          |         | Идентификатор сессии | f       | f          | f

   code   | parent_code | base_code | allow_null | def_val |      anno       | is_list | is_complex | is_sql 
----------+-------------+-----------+------------+---------+-----------------+---------+------------+--------
 ws.d_zip | text        | text      | t          |         | Почтовый индекс | f       | f          | f

   code    | parent_code | base_code | allow_null | def_val | anno  | is_list | is_complex | is_sql 
-----------+-------------+-----------+------------+---------+-------+---------+------------+--------
 ws.d_text | text        | text      | t          |         | Текст | f       | f          | f

    code     | parent_code | base_code | allow_null | def_val |       anno       | is_list | is_complex | is_sql 
-------------+-------------+-----------+------------+---------+------------------+---------+------------+--------
 ws.d_string | text        | text      | t          |         | Текстовая строка | f       | f          | f

    code    | parent_code | base_code | allow_null | def_val | anno  | is_list | is_complex | is_sql 
------------+-------------+-----------+------------+---------+-------+---------+------------+--------
 ws.d_login | text        | text      | t          |         | Логин | f       | f          | f

    code    | parent_code | base_code | allow_null | def_val |    anno     | is_list | is_complex | is_sql 
------------+-------------+-----------+------------+---------+-------------+---------+------------+--------
 ws.d_email | text        | text      | t          |         | Адрес email | f       | f          | f

    code     | parent_code | base_code | allow_null | def_val |         anno         | is_list | is_complex | is_sql 
-------------+-------------+-----------+------------+---------+----------------------+---------+------------+--------
 ws.d_emails | text        | text      | t          |         | Список адресов email | t       | f          | f

   code    | parent_code | base_code | allow_null | def_val |        anno        | is_list | is_complex | is_sql 
-----------+-------------+-----------+------------+---------+--------------------+---------+------------+--------
 ws.d_path | text        | text      | t          |         | Относительный путь | f       | f          | f

    code    | parent_code | base_code | allow_null | def_val |   anno    | is_list | is_complex | is_sql 
------------+-------------+-----------+------------+---------+-----------+---------+------------+--------
 ws.d_class | ws.d_id32   | integer   | t          |         | ID класса | f       | f          | f

 code | parent_code | base_code | allow_null | def_val | anno | is_list | is_complex | is_sql 
------+-------------+-----------+------------+---------+------+---------+------------+--------

   code   | parent_code | base_code | allow_null | def_val |         anno         | is_list | is_complex | is_sql 
----------+-------------+-----------+------------+---------+----------------------+---------+------------+--------
 ws.d_cnt | integer     | integer   | t          |         | Количество элементов | f       | f          | f

    code     | parent_code | base_code | allow_null | def_val |       anno        | is_list | is_complex | is_sql 
-------------+-------------+-----------+------------+---------+-------------------+---------+------------+--------
 ws.d_amount | numeric     | numeric   | t          |         | Количество товара | f       | f          | f

    code     | parent_code | base_code | allow_null | def_val |       anno        | is_list | is_complex | is_sql 
-------------+-------------+-----------+------------+---------+-------------------+---------+------------+--------
 ws.d_format | text        | text      | t          |         | Формат для printf | f       | f          | f

   code    | parent_code | base_code | allow_null | def_val |      anno      | is_list | is_complex | is_sql 
-----------+-------------+-----------+------------+---------+----------------+---------+------------+--------
 ws.d_code | text        | text      | t          |         | Имя переменной | f       | f          | f

     code      | parent_code | base_code | allow_null | def_val |     anno      | is_list | is_complex | is_sql 
---------------+-------------+-----------+------------+---------+---------------+---------+------------+--------
 ws.d_code_arg | text        | text      | t          |         | Имя аргумента | f       | f          | f

    code    | parent_code | base_code | allow_null | def_val |              anno               | is_list | is_complex | is_sql 
------------+-------------+-----------+------------+---------+---------------------------------+---------+------------+--------
 ws.d_codei | text        | text      | t          |         | Имя переменной в любом регистре | f       | f          | f

      code      | parent_code | base_code | allow_null | def_val |          anno           | is_list | is_complex | is_sql 
----------------+-------------+-----------+------------+---------+-------------------------+---------+------------+--------
 ws.d_code_like | text        | text      | t          |         | Шаблон имени переменной | f       | f          | f

   code   | parent_code | base_code | allow_null | def_val |        anno         | is_list | is_complex | is_sql 
----------+-------------+-----------+------------+---------+---------------------+---------+------------+--------
 ws.d_sub | text        | text      | t          |         | Имя внешнего метода | f       | f          | f

   code    | parent_code | base_code | allow_null | def_val |        anno         | is_list | is_complex | is_sql 
-----------+-------------+-----------+------------+---------+---------------------+---------+------------+--------
 ws.d_lang | text        | text      | t          |         | Идентификатор языка | f       | f          | f

     code     | parent_code | base_code | allow_null | def_val |    anno    | is_list | is_complex | is_sql 
--------------+-------------+-----------+------------+---------+------------+---------+------------+--------
 ws.d_errcode | bpchar      | bpchar    | t          |         | Код ошибки | f       | f          | f

    code    | parent_code | base_code | allow_null | def_val |  anno  | is_list | is_complex | is_sql 
------------+-------------+-----------+------------+---------+--------+---------+------------+--------
 ws.d_money | numeric     | numeric   | t          |         | Деньги | f       | f          | f

   code   | parent_code | base_code | allow_null | def_val |      anno       | is_list | is_complex | is_sql 
----------+-------------+-----------+------------+---------+-----------------+---------+------------+--------
 ws.d_acl | ws.d_id32   | integer   | t          |         | Уровень доступа | f       | f          | f

   code    | parent_code | base_code | allow_null | def_val |          anno          | is_list | is_complex | is_sql 
-----------+-------------+-----------+------------+---------+------------------------+---------+------------+--------
 ws.d_acls | ws.d_acl    | integer   | t          |         | Массив уровней доступа | t       | f          | f

     code     | parent_code | base_code | allow_null | def_val |     anno      | is_list | is_complex | is_sql 
--------------+-------------+-----------+------------+---------+---------------+---------+------------+--------
 ws.d_bitmask | ws.d_id32   | integer   | t          |         | Битовая маска | f       | f          | f

     code      | parent_code | base_code | allow_null | def_val |      anno      | is_list | is_complex | is_sql 
---------------+-------------+-----------+------------+---------+----------------+---------+------------+--------
 ws.d_booleana | boolean     | boolean   | t          |         | Массив boolean | t       | f          | f

    code    | parent_code | base_code | allow_null | def_val |    anno     | is_list | is_complex | is_sql 
------------+-------------+-----------+------------+---------+-------------+---------+------------+--------
 ws.d_texta | text        | text      | t          |         | Массив text | t       | f          | f

    code    | parent_code | base_code | allow_null | def_val |     anno      | is_list | is_complex | is_sql 
------------+-------------+-----------+------------+---------+---------------+---------+------------+--------
 ws.d_id32a | ws.d_id32   | integer   | t          |         | Массив d_id32 | t       | f          | f

    code    | parent_code | base_code | allow_null | def_val |     anno      | is_list | is_complex | is_sql 
------------+-------------+-----------+------------+---------+---------------+---------+------------+--------
 ws.d_codea | ws.d_code   | text      | t          |         | Массив d_code | t       | f          | f

   code   | parent_code | base_code | allow_null | def_val |    anno     | is_list | is_complex | is_sql 
----------+-------------+-----------+------------+---------+-------------+---------+------------+--------
 ws.d_ida | ws.d_id     | integer   | t          |         | Массив d_id | t       | f          | f

    code     | parent_code | base_code | allow_null | def_val |      anno      | is_list | is_complex | is_sql 
-------------+-------------+-----------+------------+---------+----------------+---------+------------+--------
 ws.d_moneya | ws.d_money  | numeric   | t          |         | Массив d_money | t       | f          | f

