              test               
---------------------------------
  ***** dt_register_sample *****

SET
CREATE DOMAIN
CREATE DOMAIN
 pg_c | pg_c 
------+------
      | 

CREATE TYPE
 pg_c | pg_c | pg_c 
------+------+------
      |      | 

 pg_register_type 
------------------
 ws.t_test

   code    | parent_code | base_code | allow_null | def_val |            anno             | is_list | is_complex | is_sql 
-----------+-------------+-----------+------------+---------+-----------------------------+---------+------------+--------
 ws.t_test |             |           | t          |         | Тест авторегистрации домена | f       | t          | f

  dt_code  | part_id | code | parent_code | base_code | allow_null | def_val |  anno  | is_list 
-----------+---------+------+-------------+-----------+------------+---------+--------+---------
 ws.t_test |       1 | _a   | ws.d_test_1 | integer   | t          |         | Кол. a | f
 ws.t_test |       2 | _b   | ws.d_test_2 | text      | t          |         | Кол. b | f

    code     | parent_code | base_code | allow_null | def_val |  anno   | is_list | is_complex | is_sql 
-------------+-------------+-----------+------------+---------+---------+---------+------------+--------
 ws.d_test_1 | integer     | integer   | t          |         | Домен 1 | f       | f          | f

    code     | parent_code | base_code | allow_null | def_val |  anno   | is_list | is_complex | is_sql 
-------------+-------------+-----------+------------+---------+---------+---------+------------+--------
 ws.d_test_2 | text        | text      | t          |         | Домен 2 | f       | f          | f

