             test              
-------------------------------
  ***** insert_test_data *****

INSERT 0 4
          test          
------------------------
  ***** 50_object *****

          test           
-------------------------
  ***** 51_account *****

 class_id | id | is_sys | sort |        name        
----------+----+--------+------+--------------------
       15 |  1 | f      |    1 | Просмотр профайла
       15 |  2 | f      |    2 | Просмотр настроек
       15 |  3 | f      |    3 | Изменение настроек

 class_id | id | is_sys | sort |       name        
----------+----+--------+------+-------------------
       15 |  1 | f      |    1 | Просмотр профайла
       15 |  2 | f      |    2 | Просмотр настроек

 class_id | id | is_sys | sort |       name        
----------+----+--------+------+-------------------
       15 |  1 | f      |    1 | Просмотр профайла

 class_id | id | is_sys | sort |             name              
----------+----+--------+------+-------------------------------
       15 |  1 | f      |    1 | Просмотр профайла
       15 |  2 | f      |    2 | Просмотр настроек
       15 |  4 | f      |    4 | Изменение системных атрибутов

               account_server                
---------------------------------------------
 (1,http://localhost:8080,"Основной сервер")

 account_status 
----------------
              1

 id | account_id | role_id | team_id | sid |    ip     | is_ip_checked 
----+------------+---------+---------+-----+-----------+---------------
 -2 |          4 |       6 |       3 | 2   | 127.0.0.1 | f

 sid_account_id 
----------------
              5

         test         
----------------------
  ***** 52_team *****

 id | is_team_only |       name        |                         anno                          | team_id 
----+--------------+-------------------+-------------------------------------------------------+---------
  1 | t            | Guest             | Роль для неавторизованного пользователя               |       1
  2 | t            | User without team | Роль для авторизованного пользователя без команды     |       1
  3 | f            | Login user        | Роль для авторизованного пользователя                 |       1
  5 | f            | Writer            | Создание новых статей и редактирование своих + чтение |       1
  6 | f            | Editor            | Редактирование статей своей команды + чтение          |       1
  8 | f            | Team admin        | Администратор команды                                 |       1

 id | is_team_only |    name    |                         anno                          | team_id 
----+--------------+------------+-------------------------------------------------------+---------
  3 | f            | Login user | Роль для авторизованного пользователя                 |       3
  5 | f            | Writer     | Создание новых статей и редактирование своих + чтение |       3
  6 | f            | Editor     | Редактирование статей своей команды + чтение          |       3
  8 | f            | Team admin | Администратор команды                                 |       3

 Role created & updated 
------------------------
 t

 team_id |    name    |    anno    
---------+------------+------------
       3 | test_role2 | test_anno2

 team_role_del 
---------------
 t

 team_id | name | anno 
---------+------+------

 id | status_id |    name     | status_name |       anno        
----+-----------+-------------+-------------+-------------------
  1 |         1 | System team | Активна     | Системная команда

 id | status_id |   name   | status_name |          anno           
----+-----------+----------+-------------+-------------------------
  3 |         1 | One team | Активна     | Первая тестовая команда

 id | status_id |        name         | status_name 
----+-----------+---------------------+-------------
  3 |         1 | Первый пользователь | Активен
  4 |         1 | Второй пользователь | Активен
  5 |         1 | Третий пользователь | Активен

 account_id | role_id | team_id | is_default | team_name | role_name 
------------+---------+---------+------------+-----------+-----------
          6 |       5 |       4 | t          | Two team  | Writer

